[02:36:18] [ServerMain/INFO]: [bootstrap] Running Java 21 (OpenJDK 64-Bit Server VM 21.0.8+9-Ubuntu-0ubuntu124.04.1; Ubuntu null) on Linux 6.8.0-1030-azure (amd64)
[02:36:18] [ServerMain/INFO]: [bootstrap] Loading Paper 1.21.1-57-master@b483da4 (2024-09-01T18:09:05Z) for Minecraft 1.21.1
[02:36:18] [ServerMain/INFO]: [PluginInitializerManager] Initializing plugins...
[02:36:21] [ServerMain/INFO]: [PluginInitializerManager] Initialized 3 plugins
[02:36:21] [ServerMain/INFO]: [PluginInitializerManager] Bukkit plugins (3):
 - Geyser-Spigot (2.4.4-SNAPSHOT), ViaVersion (5.0.4), floodgate (2.2.4-SNAPSHOT (b118-40d320a))
[02:36:25] [ServerMain/INFO]: Environment: Environment[sessionHost=https://sessionserver.mojang.com, servicesHost=https://api.minecraftservices.com, name=PROD]
[02:36:27] [ServerMain/INFO]: Loaded 1290 recipes
[02:36:27] [ServerMain/INFO]: Loaded 1399 advancements
[02:36:27] [Server thread/INFO]: Starting minecraft server version 1.21.1
[02:36:27] [Server thread/INFO]: Loading properties
[02:36:27] [Server thread/INFO]: This server is running Paper version 1.21.1-57-master@b483da4 (2024-09-01T18:09:05Z) (Implementing API version 1.21.1-R0.1-SNAPSHOT)
[02:36:28] [Server thread/INFO]: [spark] This server bundles the spark profiler. For more information please visit https://docs.papermc.io/paper/profiling
[02:36:28] [Server thread/INFO]: Server Ping Player Sample Count: 12
[02:36:28] [Server thread/INFO]: Using 4 threads for Netty based IO
[02:36:29] [Server thread/INFO]: [ChunkTaskScheduler] Chunk system is using 1 I/O threads, 1 worker threads, and population gen parallelism of 1 threads
[02:36:29] [Server thread/INFO]: Default game type: SURVIVAL
[02:36:29] [Server thread/INFO]: Generating keypair
[02:36:29] [Server thread/INFO]: Starting Minecraft server on *:25565
[02:36:29] [Server thread/INFO]: Using epoll channel type
[02:36:29] [Server thread/INFO]: Paper: Using libdeflate (Linux x86_64) compression from Velocity.
[02:36:29] [Server thread/INFO]: Paper: Using OpenSSL 3.0.x (Linux x86_64) cipher from Velocity.
[02:36:30] [Server thread/INFO]: [floodgate] Loading server plugin floodgate v2.2.4-SNAPSHOT (b118-40d320a)
[02:36:33] [Server thread/WARN]: [floodgate] en_ is not a supported Floodgate language.
[02:36:33] [Server thread/INFO]: [floodgate] Took 2,417ms to boot Floodgate
[02:36:33] [Server thread/INFO]: [ViaVersion] Loading server plugin ViaVersion v5.0.4
[02:36:33] [Server thread/INFO]: [ViaVersion] ViaVersion 5.0.4 is now loaded. Registering protocol transformers and injecting...
[02:36:34] [Via-Mappingloader-0/INFO]: [ViaVersion] Loading block connection mappings ...
[02:36:34] [Via-Mappingloader-0/INFO]: [ViaVersion] Using FastUtil Long2ObjectOpenHashMap for block connections
[02:36:35] [Server thread/INFO]: [Geyser-Spigot] Loading server plugin Geyser-Spigot v2.4.4-SNAPSHOT
[02:36:36] [Server thread/INFO]: [Geyser-Spigot] Loading extensions...
[02:36:36] [Server thread/INFO]: [Geyser-Spigot] Loaded 0 extension(s)
[02:36:36] [Server thread/INFO]: Server permissions file permissions.yml is empty, ignoring it
[02:36:36] [Server thread/WARN]: **** SERVER IS RUNNING IN OFFLINE/INSECURE MODE!
[02:36:36] [Server thread/WARN]: The server will make no attempt to authenticate usernames. Beware.
[02:36:36] [Server thread/WARN]: While this makes the game possible to play without internet access, it also opens up the ability for hackers to connect with any username they choose.
[02:36:36] [Server thread/WARN]: To change this, set "online-mode" to "true" in the server.properties file.
[02:36:36] [Server thread/INFO]: Preparing level "world"
[02:36:37] [Server thread/INFO]: Preparing start region for dimension minecraft:overworld
[02:36:38] [Server thread/INFO]: Time elapsed: 1194 ms
[02:36:38] [Server thread/INFO]: Preparing start region for dimension minecraft:the_nether
[02:36:38] [Server thread/INFO]: Time elapsed: 145 ms
[02:36:38] [Server thread/INFO]: Preparing start region for dimension minecraft:the_end
[02:36:38] [Server thread/INFO]: Time elapsed: 147 ms
[02:36:38] [Server thread/INFO]: [floodgate] Enabling floodgate v2.2.4-SNAPSHOT (b118-40d320a)
[02:36:39] [Server thread/INFO]: [ViaVersion] Enabling ViaVersion v5.0.4
[02:36:39] [Server thread/INFO]: [ViaVersion] ViaVersion detected server version: 1.21-1.21.1 (767)
[02:36:39] [Server thread/WARN]: [ViaVersion] ViaVersion does not have any compatible versions for this server version!
[02:36:39] [Server thread/WARN]: [ViaVersion] Please remember that ViaVersion only adds support for versions newer than the server version.
[02:36:39] [Server thread/WARN]: [ViaVersion] If you need support for older versions you may need to use one or more ViaVersion addons too.
[02:36:39] [Server thread/WARN]: [ViaVersion] In that case please read the ViaVersion resource page carefully or use https://viaversion.com/setup
[02:36:39] [Server thread/WARN]: [ViaVersion] and if you're still unsure, feel free to join our Discord-Server for further assistance.
[02:36:39] [Server thread/INFO]: [Geyser-Spigot] Enabling Geyser-Spigot v2.4.4-SNAPSHOT
[02:36:40] [Server thread/INFO]: [spark] Starting background profiler...
[02:36:41] [Server thread/INFO]: [Geyser-Spigot] ******************************************
[02:36:41] [Server thread/INFO]: [Geyser-Spigot] 
[02:36:41] [Server thread/INFO]: [Geyser-Spigot] Loading Geyser version 2.4.4-b703 (git-master-faf663d)
[02:36:41] [Server thread/INFO]: [Geyser-Spigot] 
[02:36:41] [Server thread/INFO]: [Geyser-Spigot] ******************************************
[02:36:49] [epollEventLoopGroup-3-1/INFO]: [Geyser-Spigot] Started Geyser on UDP port 25565
[02:36:49] [Server thread/INFO]: [Geyser-Spigot] Done (8.056s)! Run /geyser help for help!
[02:36:49] [Server thread/INFO]: Done preparing level "world" (12.504s)
[02:36:49] [Server thread/INFO]: Running delayed init tasks
[02:36:49] [ForkJoinPool.commonPool-worker-1/INFO]: [Geyser-Spigot] There's a new Geyser update available to support Bedrock version 1.21.101. Download it here: https://geysermc.org/download
[02:36:49] [Server thread/INFO]: Done (32.836s)! For help, type "help"
[02:36:49] [Craft Scheduler Thread - 2 - ViaVersion/INFO]: [ViaVersion] Finished mapping loading, shutting down loader executor.
[02:36:49] [Server thread/INFO]: Timings Reset
[02:36:49] [Server thread/WARN]: [ViaVersion] There is a newer plugin version available: 5.4.2, you're on: 5.0.4
